[2025-12-21 01:15:28,118: INFO/MainProcess] beat: Starting...
[2025-12-21 05:30:00,169: INFO/MainProcess] Scheduler: Sending due task fine-tune-bitcoin-6h (celery_tasks.fine_tune_coin)
[2025-12-21 05:45:00,000: INFO/MainProcess] Scheduler: Sending due task fine-tune-binancecoin-6h (celery_tasks.fine_tune_coin)
[2025-12-21 06:00:00,000: INFO/MainProcess] Scheduler: Sending due task fine-tune-ethereum-12h (celery_tasks.fine_tune_coin)
[2025-12-21 07:30:00,000: INFO/MainProcess] Scheduler: Sending due task fine-tune-solana-daily (celery_tasks.fine_tune_coin)
[2025-12-21 08:00:00,000: INFO/MainProcess] Scheduler: Sending due task fine-tune-cardano-daily (celery_tasks.fine_tune_coin)
[2025-12-21 12:30:02,513: INFO/MainProcess] Scheduler: Sending due task fine-tune-bitcoin-6h (celery_tasks.fine_tune_coin)
[2025-12-21 12:30:02,523: INFO/MainProcess] Scheduler: Sending due task fine-tune-binancecoin-6h (celery_tasks.fine_tune_coin)
[2025-12-21 17:30:00,113: INFO/MainProcess] Scheduler: Sending due task fine-tune-bitcoin-6h (celery_tasks.fine_tune_coin)
[2025-12-21 17:45:00,096: INFO/MainProcess] Scheduler: Sending due task fine-tune-binancecoin-6h (celery_tasks.fine_tune_coin)
[2025-12-21 18:29:55,951: INFO/MainProcess] Scheduler: Sending due task fine-tune-ethereum-12h (celery_tasks.fine_tune_coin)
[2025-12-21 21:35:04,423: INFO/MainProcess] beat: Starting...
[2025-12-21 23:30:00,158: INFO/MainProcess] Scheduler: Sending due task fine-tune-bitcoin-6h (celery_tasks.fine_tune_coin)
[2025-12-21 23:45:00,011: INFO/MainProcess] Scheduler: Sending due task fine-tune-binancecoin-6h (celery_tasks.fine_tune_coin)
[2025-12-22 06:32:27,537: INFO/MainProcess] Scheduler: Sending due task fine-tune-bitcoin-6h (celery_tasks.fine_tune_coin)
[2025-12-22 06:32:27,631: INFO/MainProcess] Scheduler: Sending due task fine-tune-binancecoin-6h (celery_tasks.fine_tune_coin)
[2025-12-22 06:32:27,643: INFO/MainProcess] Scheduler: Sending due task fine-tune-ethereum-12h (celery_tasks.fine_tune_coin)
[2025-12-22 08:19:31,783: INFO/MainProcess] Scheduler: Sending due task fine-tune-solana-daily (celery_tasks.fine_tune_coin)
[2025-12-22 08:19:31,796: INFO/MainProcess] Scheduler: Sending due task fine-tune-cardano-daily (celery_tasks.fine_tune_coin)
[2025-12-22 11:47:18,274: INFO/MainProcess] Scheduler: Sending due task fine-tune-bitcoin-6h (celery_tasks.fine_tune_coin)
[2025-12-22 11:47:18,286: INFO/MainProcess] Scheduler: Sending due task fine-tune-binancecoin-6h (celery_tasks.fine_tune_coin)
[2025-12-22 18:10:09,994: INFO/MainProcess] Scheduler: Sending due task fine-tune-bitcoin-6h (celery_tasks.fine_tune_coin)
[2025-12-22 18:10:10,034: INFO/MainProcess] Scheduler: Sending due task fine-tune-binancecoin-6h (celery_tasks.fine_tune_coin)
[2025-12-22 18:10:10,037: INFO/MainProcess] Scheduler: Sending due task fine-tune-ethereum-12h (celery_tasks.fine_tune_coin)
[2025-12-22 20:49:37,098: INFO/MainProcess] beat: Starting...
[2025-12-22 21:00:00,031: INFO/MainProcess] Scheduler: Sending due task verify-predictions-15m (celery_tasks.verify_prediction_accuracy)
[2025-12-22 21:15:00,000: INFO/MainProcess] Scheduler: Sending due task verify-predictions-15m (celery_tasks.verify_prediction_accuracy)
[2025-12-22 22:34:02,962: INFO/MainProcess] Scheduler: Sending due task verify-predictions-15m (celery_tasks.verify_prediction_accuracy)
[2025-12-22 23:16:14,450: INFO/MainProcess] Scheduler: Sending due task verify-predictions-15m (celery_tasks.verify_prediction_accuracy)
[2025-12-22 23:30:00,000: INFO/MainProcess] Scheduler: Sending due task fine-tune-bitcoin-6h (celery_tasks.fine_tune_coin)
[2025-12-22 23:30:00,013: INFO/MainProcess] Scheduler: Sending due task verify-predictions-15m (celery_tasks.verify_prediction_accuracy)
[2025-12-22 23:45:00,000: INFO/MainProcess] Scheduler: Sending due task fine-tune-binancecoin-6h (celery_tasks.fine_tune_coin)
[2025-12-22 23:45:00,009: INFO/MainProcess] Scheduler: Sending due task verify-predictions-15m (celery_tasks.verify_prediction_accuracy)
[2025-12-23 01:45:04,787: INFO/MainProcess] Scheduler: Sending due task verify-predictions-15m (celery_tasks.verify_prediction_accuracy)
[2025-12-23 02:00:00,000: INFO/MainProcess] Scheduler: Sending due task verify-predictions-15m (celery_tasks.verify_prediction_accuracy)
[2025-12-23 10:55:08,942: INFO/MainProcess] Scheduler: Sending due task verify-predictions-15m (celery_tasks.verify_prediction_accuracy)
[2025-12-23 10:55:08,956: INFO/MainProcess] Scheduler: Sending due task fine-tune-bitcoin-6h (celery_tasks.fine_tune_coin)
[2025-12-23 10:55:08,958: INFO/MainProcess] Scheduler: Sending due task fine-tune-binancecoin-6h (celery_tasks.fine_tune_coin)
[2025-12-23 10:55:08,959: INFO/MainProcess] Scheduler: Sending due task fine-tune-ethereum-12h (celery_tasks.fine_tune_coin)
[2025-12-23 10:55:08,961: INFO/MainProcess] Scheduler: Sending due task fine-tune-solana-daily (celery_tasks.fine_tune_coin)
[2025-12-23 10:55:08,963: INFO/MainProcess] Scheduler: Sending due task fine-tune-cardano-daily (celery_tasks.fine_tune_coin)
[2025-12-23 13:39:19,452: INFO/MainProcess] Scheduler: Sending due task verify-predictions-15m (celery_tasks.verify_prediction_accuracy)
[2025-12-23 13:39:19,464: INFO/MainProcess] Scheduler: Sending due task fine-tune-bitcoin-6h (celery_tasks.fine_tune_coin)
[2025-12-23 13:39:19,466: INFO/MainProcess] Scheduler: Sending due task fine-tune-binancecoin-6h (celery_tasks.fine_tune_coin)
[2025-12-23 13:45:32,710: INFO/MainProcess] Scheduler: Sending due task verify-predictions-15m (celery_tasks.verify_prediction_accuracy)
[2025-12-23 14:00:00,000: INFO/MainProcess] Scheduler: Sending due task verify-predictions-15m (celery_tasks.verify_prediction_accuracy)
[2025-12-23 15:19:26,001: INFO/MainProcess] Scheduler: Sending due task verify-predictions-15m (celery_tasks.verify_prediction_accuracy)
[2025-12-23 16:23:03,550: INFO/MainProcess] Scheduler: Sending due task verify-predictions-15m (celery_tasks.verify_prediction_accuracy)
[2025-12-23 16:56:49,209: INFO/MainProcess] Scheduler: Sending due task verify-predictions-15m (celery_tasks.verify_prediction_accuracy)
[2025-12-23 17:00:00,000: INFO/MainProcess] Scheduler: Sending due task verify-predictions-15m (celery_tasks.verify_prediction_accuracy)
[2025-12-23 17:34:56,979: INFO/MainProcess] Scheduler: Sending due task verify-predictions-15m (celery_tasks.verify_prediction_accuracy)
[2025-12-23 17:34:56,989: INFO/MainProcess] Scheduler: Sending due task fine-tune-bitcoin-6h (celery_tasks.fine_tune_coin)
[2025-12-23 17:46:21,252: INFO/MainProcess] Scheduler: Sending due task fine-tune-binancecoin-6h (celery_tasks.fine_tune_coin)
[2025-12-23 17:46:21,261: INFO/MainProcess] Scheduler: Sending due task verify-predictions-15m (celery_tasks.verify_prediction_accuracy)
[2025-12-23 18:00:00,000: INFO/MainProcess] Scheduler: Sending due task verify-predictions-15m (celery_tasks.verify_prediction_accuracy)
[2025-12-23 18:00:00,008: INFO/MainProcess] Scheduler: Sending due task fine-tune-ethereum-12h (celery_tasks.fine_tune_coin)
[2025-12-23 18:15:00,000: INFO/MainProcess] Scheduler: Sending due task verify-predictions-15m (celery_tasks.verify_prediction_accuracy)
[2025-12-23 18:30:00,003: INFO/MainProcess] Scheduler: Sending due task verify-predictions-15m (celery_tasks.verify_prediction_accuracy)
[2025-12-23 18:45:00,000: INFO/MainProcess] Scheduler: Sending due task verify-predictions-15m (celery_tasks.verify_prediction_accuracy)
[2025-12-23 19:00:00,000: INFO/MainProcess] Scheduler: Sending due task verify-predictions-15m (celery_tasks.verify_prediction_accuracy)
[2025-12-23 19:46:12,402: INFO/MainProcess] Scheduler: Sending due task verify-predictions-15m (celery_tasks.verify_prediction_accuracy)
[2025-12-23 20:04:40,647: INFO/MainProcess] Scheduler: Sending due task verify-predictions-15m (celery_tasks.verify_prediction_accuracy)
[2025-12-23 20:15:00,000: INFO/MainProcess] Scheduler: Sending due task verify-predictions-15m (celery_tasks.verify_prediction_accuracy)
[2025-12-23 20:30:00,000: INFO/MainProcess] Scheduler: Sending due task verify-predictions-15m (celery_tasks.verify_prediction_accuracy)
[2025-12-23 20:45:00,000: INFO/MainProcess] Scheduler: Sending due task verify-predictions-15m (celery_tasks.verify_prediction_accuracy)
[2025-12-23 21:00:00,000: INFO/MainProcess] Scheduler: Sending due task verify-predictions-15m (celery_tasks.verify_prediction_accuracy)
[2025-12-23 21:15:00,000: INFO/MainProcess] Scheduler: Sending due task verify-predictions-15m (celery_tasks.verify_prediction_accuracy)
[2025-12-23 21:45:07,289: INFO/MainProcess] Scheduler: Sending due task verify-predictions-15m (celery_tasks.verify_prediction_accuracy)
[2025-12-23 22:00:00,000: INFO/MainProcess] Scheduler: Sending due task verify-predictions-15m (celery_tasks.verify_prediction_accuracy)
[2025-12-23 22:30:01,385: INFO/MainProcess] Scheduler: Sending due task verify-predictions-15m (celery_tasks.verify_prediction_accuracy)
[2025-12-23 23:14:41,734: INFO/MainProcess] Scheduler: Sending due task verify-predictions-15m (celery_tasks.verify_prediction_accuracy)
[2025-12-23 23:15:00,000: INFO/MainProcess] Scheduler: Sending due task verify-predictions-15m (celery_tasks.verify_prediction_accuracy)
[2025-12-23 23:35:26,700: INFO/MainProcess] Scheduler: Sending due task fine-tune-bitcoin-6h (celery_tasks.fine_tune_coin)
[2025-12-23 23:35:26,709: INFO/MainProcess] Scheduler: Sending due task verify-predictions-15m (celery_tasks.verify_prediction_accuracy)
[2025-12-24 00:52:03,931: INFO/MainProcess] Scheduler: Sending due task verify-predictions-15m (celery_tasks.verify_prediction_accuracy)
[2025-12-24 00:52:03,941: INFO/MainProcess] Scheduler: Sending due task fine-tune-binancecoin-6h (celery_tasks.fine_tune_coin)
[2025-12-24 01:44:40,203: INFO/MainProcess] Scheduler: Sending due task verify-predictions-15m (celery_tasks.verify_prediction_accuracy)
[2025-12-24 01:55:17,403: INFO/MainProcess] Scheduler: Sending due task verify-predictions-15m (celery_tasks.verify_prediction_accuracy)
[2025-12-24 03:11:55,531: INFO/MainProcess] Scheduler: Sending due task verify-predictions-15m (celery_tasks.verify_prediction_accuracy)
[2025-12-24 03:54:11,173: INFO/MainProcess] Scheduler: Sending due task verify-predictions-15m (celery_tasks.verify_prediction_accuracy)
[2025-12-24 05:22:59,508: INFO/MainProcess] Scheduler: Sending due task verify-predictions-15m (celery_tasks.verify_prediction_accuracy)
[2025-12-24 06:57:03,823: INFO/MainProcess] Scheduler: Sending due task fine-tune-bitcoin-6h (celery_tasks.fine_tune_coin)
[2025-12-24 06:57:03,833: INFO/MainProcess] Scheduler: Sending due task verify-predictions-15m (celery_tasks.verify_prediction_accuracy)
[2025-12-24 06:57:03,835: INFO/MainProcess] Scheduler: Sending due task fine-tune-binancecoin-6h (celery_tasks.fine_tune_coin)
[2025-12-24 06:57:03,838: INFO/MainProcess] Scheduler: Sending due task fine-tune-ethereum-12h (celery_tasks.fine_tune_coin)
[2025-12-24 07:16:37,550: INFO/MainProcess] Scheduler: Sending due task verify-predictions-15m (celery_tasks.verify_prediction_accuracy)
[2025-12-24 07:40:54,289: INFO/MainProcess] Scheduler: Sending due task fine-tune-solana-daily (celery_tasks.fine_tune_coin)
[2025-12-24 07:40:54,299: INFO/MainProcess] Scheduler: Sending due task verify-predictions-15m (celery_tasks.verify_prediction_accuracy)
[2025-12-24 08:25:24,247: INFO/MainProcess] Scheduler: Sending due task verify-predictions-15m (celery_tasks.verify_prediction_accuracy)
[2025-12-24 08:25:24,263: INFO/MainProcess] Scheduler: Sending due task fine-tune-cardano-daily (celery_tasks.fine_tune_coin)
[2025-12-24 09:05:47,343: INFO/MainProcess] Scheduler: Sending due task verify-predictions-15m (celery_tasks.verify_prediction_accuracy)
[2025-12-24 09:15:00,000: INFO/MainProcess] Scheduler: Sending due task verify-predictions-15m (celery_tasks.verify_prediction_accuracy)
[2025-12-24 09:54:01,060: INFO/MainProcess] Scheduler: Sending due task verify-predictions-15m (celery_tasks.verify_prediction_accuracy)
[2025-12-24 11:03:50,608: INFO/MainProcess] Scheduler: Sending due task verify-predictions-15m (celery_tasks.verify_prediction_accuracy)
[2025-12-24 12:04:52,190: INFO/MainProcess] Scheduler: Sending due task verify-predictions-15m (celery_tasks.verify_prediction_accuracy)
[2025-12-24 12:04:52,201: INFO/MainProcess] Scheduler: Sending due task fine-tune-bitcoin-6h (celery_tasks.fine_tune_coin)
[2025-12-24 12:04:52,204: INFO/MainProcess] Scheduler: Sending due task fine-tune-binancecoin-6h (celery_tasks.fine_tune_coin)
[2025-12-24 13:20:54,209: INFO/MainProcess] Scheduler: Sending due task verify-predictions-15m (celery_tasks.verify_prediction_accuracy)
[2025-12-24 14:16:19,410: INFO/MainProcess] Scheduler: Sending due task verify-predictions-15m (celery_tasks.verify_prediction_accuracy)
[2025-12-24 15:56:47,346: INFO/MainProcess] Scheduler: Sending due task verify-predictions-15m (celery_tasks.verify_prediction_accuracy)
[2025-12-24 17:21:16,983: INFO/MainProcess] Scheduler: Sending due task verify-predictions-15m (celery_tasks.verify_prediction_accuracy)
[2025-12-24 18:18:28,882: INFO/MainProcess] Scheduler: Sending due task fine-tune-bitcoin-6h (celery_tasks.fine_tune_coin)
[2025-12-24 18:18:28,893: INFO/MainProcess] Scheduler: Sending due task verify-predictions-15m (celery_tasks.verify_prediction_accuracy)
[2025-12-24 18:18:28,896: INFO/MainProcess] Scheduler: Sending due task fine-tune-binancecoin-6h (celery_tasks.fine_tune_coin)
[2025-12-24 18:18:28,903: INFO/MainProcess] Scheduler: Sending due task fine-tune-ethereum-12h (celery_tasks.fine_tune_coin)
[2025-12-24 19:44:33,466: INFO/MainProcess] Scheduler: Sending due task verify-predictions-15m (celery_tasks.verify_prediction_accuracy)
[2025-12-24 20:00:53,437: INFO/MainProcess] Scheduler: Sending due task verify-predictions-15m (celery_tasks.verify_prediction_accuracy)
[2025-12-24 21:13:15,704: INFO/MainProcess] Scheduler: Sending due task verify-predictions-15m (celery_tasks.verify_prediction_accuracy)
[2025-12-24 21:30:20,343: INFO/MainProcess] Scheduler: Sending due task verify-predictions-15m (celery_tasks.verify_prediction_accuracy)
[2025-12-24 21:56:04,186: INFO/MainProcess] Scheduler: Sending due task verify-predictions-15m (celery_tasks.verify_prediction_accuracy)
[2025-12-24 22:39:18,156: INFO/MainProcess] Scheduler: Sending due task verify-predictions-15m (celery_tasks.verify_prediction_accuracy)
[2025-12-24 22:45:00,000: INFO/MainProcess] Scheduler: Sending due task verify-predictions-15m (celery_tasks.verify_prediction_accuracy)
[2025-12-24 23:00:00,000: INFO/MainProcess] Scheduler: Sending due task verify-predictions-15m (celery_tasks.verify_prediction_accuracy)
[2025-12-25 03:03:16,025: INFO/MainProcess] Scheduler: Sending due task verify-predictions-15m (celery_tasks.verify_prediction_accuracy)
[2025-12-25 03:03:16,059: INFO/MainProcess] Scheduler: Sending due task fine-tune-bitcoin-6h (celery_tasks.fine_tune_coin)
[2025-12-25 03:03:16,076: INFO/MainProcess] Scheduler: Sending due task fine-tune-binancecoin-6h (celery_tasks.fine_tune_coin)
[2025-12-25 03:23:47,584: INFO/MainProcess] Scheduler: Sending due task verify-predictions-15m (celery_tasks.verify_prediction_accuracy)
[2025-12-25 03:57:13,877: INFO/MainProcess] Scheduler: Sending due task verify-predictions-15m (celery_tasks.verify_prediction_accuracy)
[2025-12-25 04:00:00,000: INFO/MainProcess] Scheduler: Sending due task verify-predictions-15m (celery_tasks.verify_prediction_accuracy)
[2025-12-25 04:15:00,000: INFO/MainProcess] Scheduler: Sending due task verify-predictions-15m (celery_tasks.verify_prediction_accuracy)
[2025-12-25 04:30:00,000: INFO/MainProcess] Scheduler: Sending due task verify-predictions-15m (celery_tasks.verify_prediction_accuracy)
[2025-12-25 04:45:00,000: INFO/MainProcess] Scheduler: Sending due task verify-predictions-15m (celery_tasks.verify_prediction_accuracy)
[2025-12-25 05:00:00,000: INFO/MainProcess] Scheduler: Sending due task verify-predictions-15m (celery_tasks.verify_prediction_accuracy)
[2025-12-25 05:15:00,000: INFO/MainProcess] Scheduler: Sending due task verify-predictions-15m (celery_tasks.verify_prediction_accuracy)
[2025-12-25 05:30:00,000: INFO/MainProcess] Scheduler: Sending due task verify-predictions-15m (celery_tasks.verify_prediction_accuracy)
[2025-12-25 05:30:00,013: INFO/MainProcess] Scheduler: Sending due task fine-tune-bitcoin-6h (celery_tasks.fine_tune_coin)
[2025-12-25 06:27:28,534: INFO/MainProcess] Scheduler: Sending due task verify-predictions-15m (celery_tasks.verify_prediction_accuracy)
[2025-12-25 06:27:28,547: INFO/MainProcess] Scheduler: Sending due task fine-tune-binancecoin-6h (celery_tasks.fine_tune_coin)
[2025-12-25 06:27:28,550: INFO/MainProcess] Scheduler: Sending due task fine-tune-ethereum-12h (celery_tasks.fine_tune_coin)
[2025-12-25 06:45:20,807: INFO/MainProcess] Scheduler: Sending due task verify-predictions-15m (celery_tasks.verify_prediction_accuracy)
[2025-12-25 08:01:50,412: INFO/MainProcess] Scheduler: Sending due task verify-predictions-15m (celery_tasks.verify_prediction_accuracy)
[2025-12-25 08:01:50,424: INFO/MainProcess] Scheduler: Sending due task fine-tune-solana-daily (celery_tasks.fine_tune_coin)
[2025-12-25 08:01:50,427: INFO/MainProcess] Scheduler: Sending due task fine-tune-cardano-daily (celery_tasks.fine_tune_coin)
[2025-12-25 09:10:52,877: INFO/MainProcess] Scheduler: Sending due task verify-predictions-15m (celery_tasks.verify_prediction_accuracy)
[2025-12-25 10:10:21,360: INFO/MainProcess] Scheduler: Sending due task verify-predictions-15m (celery_tasks.verify_prediction_accuracy)
[2025-12-25 11:22:25,894: INFO/MainProcess] Scheduler: Sending due task verify-predictions-15m (celery_tasks.verify_prediction_accuracy)
[2025-12-25 12:37:30,359: INFO/MainProcess] Scheduler: Sending due task fine-tune-bitcoin-6h (celery_tasks.fine_tune_coin)
[2025-12-25 12:37:30,364: INFO/MainProcess] Scheduler: Sending due task verify-predictions-15m (celery_tasks.verify_prediction_accuracy)
[2025-12-25 12:37:30,366: INFO/MainProcess] Scheduler: Sending due task fine-tune-binancecoin-6h (celery_tasks.fine_tune_coin)
[2025-12-25 13:50:11,325: INFO/MainProcess] Scheduler: Sending due task verify-predictions-15m (celery_tasks.verify_prediction_accuracy)
[2025-12-25 14:47:38,476: INFO/MainProcess] Scheduler: Sending due task verify-predictions-15m (celery_tasks.verify_prediction_accuracy)
[2025-12-25 15:58:45,843: INFO/MainProcess] Scheduler: Sending due task verify-predictions-15m (celery_tasks.verify_prediction_accuracy)
[2025-12-25 16:14:54,860: INFO/MainProcess] Scheduler: Sending due task verify-predictions-15m (celery_tasks.verify_prediction_accuracy)
[2025-12-25 16:15:00,000: INFO/MainProcess] Scheduler: Sending due task verify-predictions-15m (celery_tasks.verify_prediction_accuracy)
[2025-12-25 17:15:40,346: INFO/MainProcess] Scheduler: Sending due task verify-predictions-15m (celery_tasks.verify_prediction_accuracy)
[2025-12-25 18:17:22,184: INFO/MainProcess] Scheduler: Sending due task fine-tune-bitcoin-6h (celery_tasks.fine_tune_coin)
[2025-12-25 18:17:22,199: INFO/MainProcess] Scheduler: Sending due task verify-predictions-15m (celery_tasks.verify_prediction_accuracy)
[2025-12-25 18:17:22,201: INFO/MainProcess] Scheduler: Sending due task fine-tune-binancecoin-6h (celery_tasks.fine_tune_coin)
[2025-12-25 18:17:22,204: INFO/MainProcess] Scheduler: Sending due task fine-tune-ethereum-12h (celery_tasks.fine_tune_coin)
[2025-12-25 19:35:44,870: INFO/MainProcess] Scheduler: Sending due task verify-predictions-15m (celery_tasks.verify_prediction_accuracy)
[2025-12-25 20:40:35,225: INFO/MainProcess] Scheduler: Sending due task verify-predictions-15m (celery_tasks.verify_prediction_accuracy)
[2025-12-25 21:36:59,725: INFO/MainProcess] Scheduler: Sending due task verify-predictions-15m (celery_tasks.verify_prediction_accuracy)
[2025-12-25 21:45:00,000: INFO/MainProcess] Scheduler: Sending due task verify-predictions-15m (celery_tasks.verify_prediction_accuracy)
[2025-12-25 22:13:08,628: INFO/MainProcess] Scheduler: Sending due task verify-predictions-15m (celery_tasks.verify_prediction_accuracy)
[2025-12-25 22:20:39,874: INFO/MainProcess] Scheduler: Sending due task verify-predictions-15m (celery_tasks.verify_prediction_accuracy)
[2025-12-25 22:36:06,052: INFO/MainProcess] Scheduler: Sending due task verify-predictions-15m (celery_tasks.verify_prediction_accuracy)
[2025-12-25 23:24:16,262: INFO/MainProcess] Scheduler: Sending due task verify-predictions-15m (celery_tasks.verify_prediction_accuracy)
[2025-12-25 23:41:21,380: INFO/MainProcess] Scheduler: Sending due task fine-tune-bitcoin-6h (celery_tasks.fine_tune_coin)
[2025-12-25 23:41:21,388: INFO/MainProcess] Scheduler: Sending due task verify-predictions-15m (celery_tasks.verify_prediction_accuracy)
[2025-12-25 23:45:00,000: INFO/MainProcess] Scheduler: Sending due task fine-tune-binancecoin-6h (celery_tasks.fine_tune_coin)
[2025-12-25 23:45:00,007: INFO/MainProcess] Scheduler: Sending due task verify-predictions-15m (celery_tasks.verify_prediction_accuracy)
[2025-12-26 00:00:00,000: INFO/MainProcess] Scheduler: Sending due task verify-predictions-15m (celery_tasks.verify_prediction_accuracy)
[2025-12-26 00:15:00,000: INFO/MainProcess] Scheduler: Sending due task verify-predictions-15m (celery_tasks.verify_prediction_accuracy)
[2025-12-26 01:05:37,483: INFO/MainProcess] Scheduler: Sending due task verify-predictions-15m (celery_tasks.verify_prediction_accuracy)
[2025-12-26 02:15:48,512: INFO/MainProcess] Scheduler: Sending due task verify-predictions-15m (celery_tasks.verify_prediction_accuracy)
[2025-12-26 03:44:41,762: INFO/MainProcess] Scheduler: Sending due task verify-predictions-15m (celery_tasks.verify_prediction_accuracy)
[2025-12-26 03:45:00,000: INFO/MainProcess] Scheduler: Sending due task verify-predictions-15m (celery_tasks.verify_prediction_accuracy)
[2025-12-26 05:09:05,962: INFO/MainProcess] Scheduler: Sending due task verify-predictions-15m (celery_tasks.verify_prediction_accuracy)
[2025-12-26 06:02:27,090: INFO/MainProcess] Scheduler: Sending due task verify-predictions-15m (celery_tasks.verify_prediction_accuracy)
[2025-12-26 06:02:27,102: INFO/MainProcess] Scheduler: Sending due task fine-tune-bitcoin-6h (celery_tasks.fine_tune_coin)
[2025-12-26 06:02:27,105: INFO/MainProcess] Scheduler: Sending due task fine-tune-binancecoin-6h (celery_tasks.fine_tune_coin)
[2025-12-26 06:02:27,108: INFO/MainProcess] Scheduler: Sending due task fine-tune-ethereum-12h (celery_tasks.fine_tune_coin)
[2025-12-26 06:38:23,264: INFO/MainProcess] Scheduler: Sending due task verify-predictions-15m (celery_tasks.verify_prediction_accuracy)
[2025-12-26 06:59:45,594: INFO/MainProcess] Scheduler: Sending due task verify-predictions-15m (celery_tasks.verify_prediction_accuracy)
[2025-12-26 07:00:00,000: INFO/MainProcess] Scheduler: Sending due task verify-predictions-15m (celery_tasks.verify_prediction_accuracy)
[2025-12-26 07:50:23,397: INFO/MainProcess] Scheduler: Sending due task verify-predictions-15m (celery_tasks.verify_prediction_accuracy)
[2025-12-26 07:50:23,405: INFO/MainProcess] Scheduler: Sending due task fine-tune-solana-daily (celery_tasks.fine_tune_coin)
[2025-12-26 09:28:56,730: INFO/MainProcess] Scheduler: Sending due task fine-tune-cardano-daily (celery_tasks.fine_tune_coin)
[2025-12-26 09:28:56,743: INFO/MainProcess] Scheduler: Sending due task verify-predictions-15m (celery_tasks.verify_prediction_accuracy)
[2025-12-26 09:54:53,859: INFO/MainProcess] Scheduler: Sending due task verify-predictions-15m (celery_tasks.verify_prediction_accuracy)
[2025-12-26 11:28:04,047: INFO/MainProcess] Scheduler: Sending due task verify-predictions-15m (celery_tasks.verify_prediction_accuracy)
[2025-12-26 11:56:36,495: INFO/MainProcess] Scheduler: Sending due task fine-tune-bitcoin-6h (celery_tasks.fine_tune_coin)
[2025-12-26 11:56:36,502: INFO/MainProcess] Scheduler: Sending due task verify-predictions-15m (celery_tasks.verify_prediction_accuracy)
[2025-12-26 11:56:36,505: INFO/MainProcess] Scheduler: Sending due task fine-tune-binancecoin-6h (celery_tasks.fine_tune_coin)
[2025-12-26 12:59:05,716: INFO/MainProcess] Scheduler: Sending due task verify-predictions-15m (celery_tasks.verify_prediction_accuracy)
[2025-12-26 13:15:54,477: INFO/MainProcess] Scheduler: Sending due task verify-predictions-15m (celery_tasks.verify_prediction_accuracy)
[2025-12-26 14:42:55,770: INFO/MainProcess] Scheduler: Sending due task verify-predictions-15m (celery_tasks.verify_prediction_accuracy)
[2025-12-26 17:00:47,699: INFO/MainProcess] Scheduler: Sending due task verify-predictions-15m (celery_tasks.verify_prediction_accuracy)
[2025-12-26 23:05:58,548: INFO/MainProcess] Scheduler: Sending due task verify-predictions-15m (celery_tasks.verify_prediction_accuracy)
[2025-12-26 23:05:58,554: INFO/MainProcess] Scheduler: Sending due task fine-tune-bitcoin-6h (celery_tasks.fine_tune_coin)
[2025-12-26 23:05:58,557: INFO/MainProcess] Scheduler: Sending due task fine-tune-binancecoin-6h (celery_tasks.fine_tune_coin)
[2025-12-26 23:05:58,561: INFO/MainProcess] Scheduler: Sending due task fine-tune-ethereum-12h (celery_tasks.fine_tune_coin)
[2025-12-27 08:10:19,990: INFO/MainProcess] Scheduler: Sending due task verify-predictions-15m (celery_tasks.verify_prediction_accuracy)
[2025-12-27 08:10:20,071: INFO/MainProcess] Scheduler: Sending due task fine-tune-bitcoin-6h (celery_tasks.fine_tune_coin)
[2025-12-27 08:10:20,072: INFO/MainProcess] Scheduler: Sending due task fine-tune-binancecoin-6h (celery_tasks.fine_tune_coin)
[2025-12-27 08:10:20,073: INFO/MainProcess] Scheduler: Sending due task fine-tune-ethereum-12h (celery_tasks.fine_tune_coin)
[2025-12-27 08:10:20,077: INFO/MainProcess] Scheduler: Sending due task fine-tune-solana-daily (celery_tasks.fine_tune_coin)
[2025-12-27 08:10:20,078: INFO/MainProcess] Scheduler: Sending due task fine-tune-cardano-daily (celery_tasks.fine_tune_coin)
[2025-12-27 15:27:28,818: INFO/MainProcess] Scheduler: Sending due task verify-predictions-15m (celery_tasks.verify_prediction_accuracy)
[2025-12-27 15:27:28,862: INFO/MainProcess] Scheduler: Sending due task fine-tune-bitcoin-6h (celery_tasks.fine_tune_coin)
[2025-12-27 15:27:28,865: INFO/MainProcess] Scheduler: Sending due task fine-tune-binancecoin-6h (celery_tasks.fine_tune_coin)
[2025-12-27 15:30:00,001: INFO/MainProcess] Scheduler: Sending due task verify-predictions-15m (celery_tasks.verify_prediction_accuracy)
[2025-12-27 17:34:51,246: INFO/MainProcess] Scheduler: Sending due task verify-predictions-15m (celery_tasks.verify_prediction_accuracy)
[2025-12-27 17:34:51,259: INFO/MainProcess] Scheduler: Sending due task fine-tune-bitcoin-6h (celery_tasks.fine_tune_coin)
[2025-12-28 01:58:13,747: INFO/MainProcess] Scheduler: Sending due task fine-tune-binancecoin-6h (celery_tasks.fine_tune_coin)
[2025-12-28 01:58:13,760: INFO/MainProcess] Scheduler: Sending due task verify-predictions-15m (celery_tasks.verify_prediction_accuracy)
[2025-12-28 01:58:13,762: INFO/MainProcess] Scheduler: Sending due task fine-tune-ethereum-12h (celery_tasks.fine_tune_coin)
[2025-12-28 01:58:13,765: INFO/MainProcess] Scheduler: Sending due task fine-tune-bitcoin-6h (celery_tasks.fine_tune_coin)
[2025-12-28 04:52:59,575: INFO/MainProcess] Scheduler: Sending due task verify-predictions-15m (celery_tasks.verify_prediction_accuracy)
[2025-12-28 17:00:21,973: INFO/MainProcess] Scheduler: Sending due task verify-predictions-15m (celery_tasks.verify_prediction_accuracy)
[2025-12-28 17:00:21,984: INFO/MainProcess] Scheduler: Sending due task fine-tune-bitcoin-6h (celery_tasks.fine_tune_coin)
[2025-12-28 17:00:21,987: INFO/MainProcess] Scheduler: Sending due task fine-tune-binancecoin-6h (celery_tasks.fine_tune_coin)
[2025-12-28 17:00:21,990: INFO/MainProcess] Scheduler: Sending due task fine-tune-ethereum-12h (celery_tasks.fine_tune_coin)
[2025-12-28 17:00:21,993: INFO/MainProcess] Scheduler: Sending due task fine-tune-solana-daily (celery_tasks.fine_tune_coin)
[2025-12-28 17:00:21,999: INFO/MainProcess] Scheduler: Sending due task fine-tune-cardano-daily (celery_tasks.fine_tune_coin)
[2025-12-28 17:15:00,001: INFO/MainProcess] Scheduler: Sending due task verify-predictions-15m (celery_tasks.verify_prediction_accuracy)
[2025-12-28 18:12:04,710: INFO/MainProcess] Scheduler: Sending due task fine-tune-bitcoin-6h (celery_tasks.fine_tune_coin)
[2025-12-28 18:12:04,722: INFO/MainProcess] Scheduler: Sending due task verify-predictions-15m (celery_tasks.verify_prediction_accuracy)
[2025-12-28 18:12:04,724: INFO/MainProcess] Scheduler: Sending due task fine-tune-binancecoin-6h (celery_tasks.fine_tune_coin)
[2025-12-28 18:12:04,726: INFO/MainProcess] Scheduler: Sending due task fine-tune-ethereum-12h (celery_tasks.fine_tune_coin)
[2025-12-28 18:46:04,332: INFO/MainProcess] Scheduler: Sending due task verify-predictions-15m (celery_tasks.verify_prediction_accuracy)
[2025-12-28 19:23:17,879: INFO/MainProcess] Scheduler: Sending due task verify-predictions-15m (celery_tasks.verify_prediction_accuracy)
[2025-12-28 19:30:00,005: INFO/MainProcess] Scheduler: Sending due task verify-predictions-15m (celery_tasks.verify_prediction_accuracy)
